<?xml version="1.0" encoding="UTF-8"?>
<testng-results ignored="0" total="1" passed="1" failed="0" skipped="0">
  <reporter-output>
  </reporter-output>
  <suite started-at="2019-11-20T10:09:10Z" name="Suite" finished-at="2019-11-20T10:09:19Z" duration-ms="8807">
    <groups>
    </groups>
    <test started-at="2019-11-20T10:09:10Z" name="Test" finished-at="2019-11-20T10:09:19Z" duration-ms="8807">
      <class name="TestCases.hotelSearch">
        <test-method signature="searchHotel()[pri:0, instance:TestCases.hotelSearch@e4487af]" started-at="2019-11-20T10:09:10Z" name="searchHotel" finished-at="2019-11-20T10:09:19Z" duration-ms="8789" status="PASS">
          <reporter-output>
          </reporter-output>
        </test-method> <!-- searchHotel -->
      </class> <!-- TestCases.hotelSearch -->
    </test> <!-- Test -->
  </suite> <!-- Suite -->
</testng-results>
