<?xml version="1.0" encoding="UTF-8"?>
<testng-results ignored="0" total="1" passed="1" failed="0" skipped="0">
  <reporter-output>
  </reporter-output>
  <suite started-at="2019-11-21T11:00:36Z" name="Suite" finished-at="2019-11-21T11:01:22Z" duration-ms="45969">
    <groups>
    </groups>
    <test started-at="2019-11-21T11:00:36Z" name="Test" finished-at="2019-11-21T11:01:22Z" duration-ms="45969">
      <class name="TestCases.hotelSearch">
        <test-method is-config="true" signature="start_browser()[pri:0, instance:TestCases.hotelSearch@762ef0ea]" started-at="2019-11-21T11:00:36Z" name="start_browser" finished-at="2019-11-21T11:00:50Z" duration-ms="13609" status="PASS">
          <reporter-output>
          </reporter-output>
        </test-method> <!-- start_browser -->
        <test-method signature="searchHotel()[pri:0, instance:TestCases.hotelSearch@762ef0ea]" started-at="2019-11-21T11:00:50Z" name="searchHotel" finished-at="2019-11-21T11:01:22Z" duration-ms="32334" status="PASS">
          <reporter-output>
          </reporter-output>
        </test-method> <!-- searchHotel -->
      </class> <!-- TestCases.hotelSearch -->
    </test> <!-- Test -->
  </suite> <!-- Suite -->
</testng-results>
